<?xml version="1.0" encoding="UTF-8"?>
<!-- Generated by org.testng.reporters.JUnitXMLReporter -->
<testsuite ignored="0" hostname="Lenovo-PC" failures="1" tests="5" name="CRM App Test Cases" time="94.994" errors="0" timestamp="22 Apr 2018 14:32:38 GMT">
  <testcase classname="TestCase.SignupPageTest" name="ValidateFormFill" time="6.777"/>
  <testcase classname="TestCase.SignupPageTest" name="ValidateTitle" time="4.035">
    <skipped/>
  </testcase> <!-- ValidateTitle -->
  <testcase classname="TestCase.SignupPageTest" name="ValidateTitle" time="1.702">
    <skipped/>
  </testcase> <!-- ValidateTitle -->
  <testcase classname="TestCase.SignupPageTest" name="ValidateTitle" time="1.513">
    <skipped/>
  </testcase> <!-- ValidateTitle -->
  <testcase classname="TestCase.SignupPageTest" name="ValidateTitle" time="2.657">
    <failure type="java.lang.AssertionError" message="expected [CRMPRO - CRM Pro for customer relationship management, sales, and suppor] but found [CRMPRO - CRM Pro for customer relationship management, sales, and support]">
      <![CDATA[java.lang.AssertionError: expected [CRMPRO - CRM Pro for customer relationship management, sales, and suppor] but found [CRMPRO - CRM Pro for customer relationship management, sales, and support]
	at Pages.Signup.TitleCheck(Signup.java:81)
	at TestCase.SignupPageTest.ValidateTitle(SignupPageTest.java:60)
... Removed 31 stack frames]]>
    </failure>
  </testcase> <!-- ValidateTitle -->
</testsuite> <!-- CRM App Test Cases -->
