<!DOCTYPE html PUBLIC "-//W3C//DTD XHTML 1.1//EN" "http://www.w3.org/TR/xhtml11/DTD/xhtml11.dtd">
<html xmlns="http://www.w3.org/1999/xhtml"><head><title>TestNG Report</title><style type="text/css">table {margin-bottom:10px;border-collapse:collapse;empty-cells:show}th,td {border:1px solid #009;padding:.25em .5em}th {vertical-align:bottom}td {vertical-align:top}table a {font-weight:bold}.stripe td {background-color: #E6EBF9}.num {text-align:right}.passedodd td {background-color: #3F3}.passedeven td {background-color: #0A0}.skippedodd td {background-color: #DDD}.skippedeven td {background-color: #CCC}.failedodd td,.attn {background-color: #F33}.failedeven td,.stripe .attn {background-color: #D00}.stacktrace {white-space:pre;font-family:monospace}.totop {font-size:85%;text-align:center;border-bottom:2px solid #000}</style></head><body><table><tr><th>Test</th><th># Passed</th><th># Skipped</th><th># Failed</th><th>Time (ms)</th><th>Included Groups</th><th>Excluded Groups</th></tr><tr><th colspan="7">FreeCRMSuite</th></tr><tr><td><a href="#t0">FreeCRMTest</a></td><td class="num">6</td><td class="num attn">1</td><td class="num attn">2</td><td class="num">178,499</td><td></td><td></td></tr></table><table id='summary'><thead><tr><th>Class</th><th>Method</th><th>Start</th><th>Time (ms)</th></tr></thead><tbody><tr><th colspan="4">FreeCRMSuite</th></tr></tbody><tbody id="t0"><tr><th colspan="4">FreeCRMTest &#8212; failed</th></tr><tr class="failedeven"><td rowspan="1">TestCase.DocumentPageTest</td><td><a href="#m0">ValidateNewDoc</a></td><td rowspan="1">1527079243056</td><td rowspan="1">476</td></tr><tr class="failedodd"><td rowspan="1">TestCase.SignupPageTest</td><td><a href="#m1">ValidateTitle</a></td><td rowspan="1">1527079253221</td><td rowspan="1">2126</td></tr><tr><th colspan="4">FreeCRMTest &#8212; skipped</th></tr><tr class="skippedeven"><td rowspan="1">TestCase.FormPageTest</td><td><a href="#m2">ValidateNewFormClick</a></td><td rowspan="1">1527079156566</td><td rowspan="1">0</td></tr><tr><th colspan="4">FreeCRMTest &#8212; passed</th></tr><tr class="passedeven"><td rowspan="1">TestCase.ContactsPageTest</td><td><a href="#m3">CompanyClick</a></td><td rowspan="1">1527079203068</td><td rowspan="1">2442</td></tr><tr class="passedodd"><td rowspan="3">TestCase.LoginPageTest</td><td><a href="#m4">ValidateLogin</a></td><td rowspan="1">1527079278786</td><td rowspan="1">6599</td></tr><tr class="passedodd"><td><a href="#m5">ValidateLogo</a></td><td rowspan="1">1527079267814</td><td rowspan="1">80</td></tr><tr class="passedodd"><td><a href="#m6">ValidateTitle</a></td><td rowspan="1">1527079217643</td><td rowspan="1">31</td></tr><tr class="passedeven"><td rowspan="1">TestCase.ReportPageTest</td><td><a href="#m7">ReportClickable</a></td><td rowspan="1">1527079151104</td><td rowspan="1">5427</td></tr><tr class="passedodd"><td rowspan="1">TestCase.SignupPageTest</td><td><a href="#m8">ValidateFormFill</a></td><td rowspan="1">1527079175165</td><td rowspan="1">9630</td></tr></tbody></table><h2>FreeCRMTest</h2><h3 id="m0">TestCase.DocumentPageTest#ValidateNewDoc</h3><table class="result"><tr><th>Exception</th></tr><tr><td><div class="stacktrace">org.openqa.selenium.NoSuchWindowException: no such window: target window already closed
from unknown error: web view not found
  (Session info: chrome=66.0.3359.181)
  (Driver info: chromedriver=2.37.544315 (730aa6a5fdba159ac9f4c1e8cbc59bf1b5ce12b7),platform=Windows NT 6.1.7601 SP1 x86_64) (WARNING: The server did not provide any stacktrace information)
Command duration or timeout: 0 milliseconds
Build info: version: &apos;3.5.3&apos;, revision: &apos;a88d25fe6b&apos;, time: &apos;2017-08-29T12:42:44.417Z&apos;
System info: host: &apos;FINATEL-01&apos;, ip: &apos;192.168.1.201&apos;, os.name: &apos;Windows 7&apos;, os.arch: &apos;amd64&apos;, os.version: &apos;6.1&apos;, java.version: &apos;1.8.0_161&apos;
Driver info: org.openqa.selenium.chrome.ChromeDriver
Capabilities [{mobileEmulationEnabled=false, hasTouchScreen=false, platform=XP, acceptSslCerts=false, acceptInsecureCerts=false, webStorageEnabled=true, browserName=chrome, takesScreenshot=true, javascriptEnabled=true, platformName=XP, setWindowRect=true, unexpectedAlertBehaviour=, applicationCacheEnabled=false, rotatable=false, networkConnectionEnabled=false, chrome={chromedriverVersion=2.37.544315 (730aa6a5fdba159ac9f4c1e8cbc59bf1b5ce12b7), userDataDir=C:\Users\User\AppData\Local\TEMP%M~1\bin\scoped_dir3620_14167}, takesHeapSnapshot=true, pageLoadStrategy=normal, unhandledPromptBehavior=, databaseEnabled=false, handlesAlerts=true, version=66.0.3359.181, browserConnectionEnabled=false, nativeEvents=true, locationContextEnabled=true, cssSelectorsEnabled=true}]
Session ID: 881a3306c422798c1ee34f31437ad943
*** Element info: {Using=css selector, value=frame[name=&apos;mainpanel&apos;],iframe[name=&apos;mainpanel&apos;]}
	at org.openqa.selenium.remote.ErrorHandler.createThrowable(ErrorHandler.java:215)
	at org.openqa.selenium.remote.ErrorHandler.throwIfResponseFailed(ErrorHandler.java:167)
	at org.openqa.selenium.remote.http.JsonHttpResponseCodec.reconstructValue(JsonHttpResponseCodec.java:40)
	at org.openqa.selenium.remote.http.AbstractHttpResponseCodec.decode(AbstractHttpResponseCodec.java:82)
	at org.openqa.selenium.remote.http.AbstractHttpResponseCodec.decode(AbstractHttpResponseCodec.java:45)
	at org.openqa.selenium.remote.HttpCommandExecutor.execute(HttpCommandExecutor.java:164)
	at org.openqa.selenium.remote.service.DriverCommandExecutor.execute(DriverCommandExecutor.java:82)
	at org.openqa.selenium.remote.RemoteWebDriver.execute(RemoteWebDriver.java:646)
	at org.openqa.selenium.remote.RemoteWebDriver.findElements(RemoteWebDriver.java:443)
	at org.openqa.selenium.remote.RemoteWebDriver.findElementsByCssSelector(RemoteWebDriver.java:514)
	at org.openqa.selenium.By$ByCssSelector.findElements(By.java:441)
	at org.openqa.selenium.remote.RemoteWebDriver.findElements(RemoteWebDriver.java:404)
	at org.openqa.selenium.remote.RemoteWebDriver$RemoteTargetLocator.frame(RemoteWebDriver.java:975)
	at Util.Utility.switchToFrame(Utility.java:19)
	at TestCase.DocumentPageTest.ValidateNewDoc(DocumentPageTest.java:47)
... Removed 29 stack frames</div></td></tr></table><p class="totop"><a href="#summary">back to summary</a></p><h3 id="m1">TestCase.SignupPageTest#ValidateTitle</h3><table class="result"><tr><th>Exception</th></tr><tr><td><div class="stacktrace">java.lang.AssertionError: expected [CRMPRO - CRM Pro for customer relationship management, sales, and suppor] but found [CRMPRO - CRM Pro for customer relationship management, sales, and support]
	at Pages.Signup.TitleCheck(Signup.java:81)
	at TestCase.SignupPageTest.ValidateTitle(SignupPageTest.java:60)
... Removed 31 stack frames</div></td></tr></table><p class="totop"><a href="#summary">back to summary</a></p><h3 id="m2">TestCase.FormPageTest#ValidateNewFormClick</h3><table class="result"><tr><th>Exception</th></tr><tr><td><div class="stacktrace">java.lang.RuntimeException: java.lang.NullPointerException
Caused by: java.lang.NullPointerException
	at org.apache.poi.ss.usermodel.WorkbookFactory.create(WorkbookFactory.java:65)
	at Util.Utility.getTestData(Utility.java:42)
	at TestCase.FormPageTest.getCRMTestData(FormPageTest.java:48)
	... 22 more
... Removed 30 stack frames</div></td></tr></table><p class="totop"><a href="#summary">back to summary</a></p><h3 id="m3">TestCase.ContactsPageTest#CompanyClick</h3><table class="result"></table><p class="totop"><a href="#summary">back to summary</a></p><h3 id="m4">TestCase.LoginPageTest#ValidateLogin</h3><table class="result"></table><p class="totop"><a href="#summary">back to summary</a></p><h3 id="m5">TestCase.LoginPageTest#ValidateLogo</h3><table class="result"></table><p class="totop"><a href="#summary">back to summary</a></p><h3 id="m6">TestCase.LoginPageTest#ValidateTitle</h3><table class="result"></table><p class="totop"><a href="#summary">back to summary</a></p><h3 id="m7">TestCase.ReportPageTest#ReportClickable</h3><table class="result"></table><p class="totop"><a href="#summary">back to summary</a></p><h3 id="m8">TestCase.SignupPageTest#ValidateFormFill</h3><table class="result"></table><p class="totop"><a href="#summary">back to summary</a></p></body></html>